[2019-06-26 11:43:46.428] [sharedprocess] [info] main {"machineId":"ef0a4d027e49916b839e6e0d3138e5bf96a87cb537b7d23947426940112c9522"}
[2019-06-26 11:43:46.572] [sharedprocess] [info] Scanned user extensions: 0
[2019-06-26 11:43:47.071] [sharedprocess] [info] Scanned system extensions: 72
[2019-06-26 11:43:47.492] [sharedprocess] [info] Scanned user extensions: 0
[2019-06-26 11:43:47.496] [sharedprocess] [info] Scanned user extensions: 0
[2019-06-26 11:43:47.562] [sharedprocess] [info] Scanned system extensions: 72
[2019-06-26 11:43:47.566] [sharedprocess] [info] Scanned system extensions: 72
[2019-06-26 11:43:51.339] [sharedprocess] [info] Scanned user extensions: 0
[2019-06-26 11:44:26.453] [sharedprocess] [info] Starting to clean up unused language packs.
[2019-06-26 11:44:52.980] [sharedprocess] [info] Scanned user extensions: 0
[2019-06-26 11:44:52.987] [sharedprocess] [info] Scanned user extensions: 0
[2019-06-26 11:44:52.988] [sharedprocess] [info] Scanned user extensions: 0
[2019-06-26 11:44:52.992] [sharedprocess] [info] Scanned user extensions: 0
[2019-06-26 11:44:53.064] [sharedprocess] [info] Scanned system extensions: 72
[2019-06-26 11:44:53.069] [sharedprocess] [info] Scanned system extensions: 72
[2019-06-26 11:44:53.074] [sharedprocess] [info] Scanned system extensions: 72
[2019-06-26 11:44:58.207] [sharedprocess] [info] Installing extension: junstyle.php-cs-fixer
[2019-06-26 11:44:58.214] [sharedprocess] [info] Scanned user extensions: 0
[2019-06-26 11:45:31.581] [sharedprocess] [info] Downloaded extension: junstyle.php-cs-fixer /tmp/4c1eab87-3d29-4515-a553-44f021f42146
[2019-06-26 11:45:32.571] [sharedprocess] [info] Extracted extension to /root/.vscode/extensions/.junstyle.php-cs-fixer-0.1.119: junstyle.php-cs-fixer
[2019-06-26 11:45:32.572] [sharedprocess] [info] Renamed to /root/.vscode/extensions/junstyle.php-cs-fixer-0.1.119
[2019-06-26 11:45:32.573] [sharedprocess] [info] Installation completed. junstyle.php-cs-fixer
[2019-06-26 11:45:32.645] [sharedprocess] [info] Extensions installed successfully: junstyle.php-cs-fixer
[2019-06-26 11:48:51.357] [sharedprocess] [info] Scanned user extensions: 1
[2019-06-26 11:53:51.369] [sharedprocess] [info] Scanned user extensions: 1
[2019-06-26 11:58:51.382] [sharedprocess] [info] Scanned user extensions: 1
[2019-06-26 12:03:51.393] [sharedprocess] [info] Scanned user extensions: 1
[2019-06-26 12:08:51.406] [sharedprocess] [info] Scanned user extensions: 1
[2019-06-26 12:13:51.421] [sharedprocess] [info] Scanned user extensions: 1
[2019-06-26 12:18:51.435] [sharedprocess] [info] Scanned user extensions: 1
[2019-06-26 12:23:51.445] [sharedprocess] [info] Scanned user extensions: 1
[2019-06-26 12:28:51.458] [sharedprocess] [info] Scanned user extensions: 1
[2019-06-26 12:33:51.470] [sharedprocess] [info] Scanned user extensions: 1
[2019-06-26 12:38:51.483] [sharedprocess] [info] Scanned user extensions: 1
[2019-06-26 12:44:11.506] [sharedprocess] [info] Scanned user extensions: 1
[2019-06-26 12:49:11.780] [sharedprocess] [info] Scanned user extensions: 1
[2019-06-26 12:54:11.790] [sharedprocess] [info] Scanned user extensions: 1
[2019-06-26 12:59:11.803] [sharedprocess] [info] Scanned user extensions: 1
[2019-06-26 13:04:11.820] [sharedprocess] [info] Scanned user extensions: 1
[2019-06-26 13:09:11.836] [sharedprocess] [info] Scanned user extensions: 1
[2019-06-26 13:14:11.849] [sharedprocess] [info] Scanned user extensions: 1
[2019-06-26 13:19:11.862] [sharedprocess] [info] Scanned user extensions: 1
[2019-06-26 13:24:11.876] [sharedprocess] [info] Scanned user extensions: 1
[2019-06-26 13:29:11.891] [sharedprocess] [info] Scanned user extensions: 1
[2019-06-26 13:34:11.903] [sharedprocess] [info] Scanned user extensions: 1
[2019-06-26 13:39:11.917] [sharedprocess] [info] Scanned user extensions: 1
[2019-06-26 13:44:11.930] [sharedprocess] [info] Scanned user extensions: 1
[2019-06-26 13:49:12.410] [sharedprocess] [info] Scanned user extensions: 1
[2019-06-26 13:54:12.423] [sharedprocess] [info] Scanned user extensions: 1
[2019-06-26 13:59:12.437] [sharedprocess] [info] Scanned user extensions: 1
[2019-06-26 14:04:12.452] [sharedprocess] [info] Scanned user extensions: 1
[2019-06-26 14:09:12.473] [sharedprocess] [info] Scanned user extensions: 1
[2019-06-26 14:14:12.490] [sharedprocess] [info] Scanned user extensions: 1
[2019-06-26 14:19:12.508] [sharedprocess] [info] Scanned user extensions: 1
[2019-06-26 14:24:12.518] [sharedprocess] [info] Scanned user extensions: 1
[2019-06-26 14:29:12.529] [sharedprocess] [info] Scanned user extensions: 1
[2019-06-26 14:34:12.543] [sharedprocess] [info] Scanned user extensions: 1
[2019-06-26 14:39:12.551] [sharedprocess] [info] Scanned user extensions: 1
[2019-06-26 14:44:12.560] [sharedprocess] [info] Scanned user extensions: 1
[2019-06-26 14:49:12.779] [sharedprocess] [info] Scanned user extensions: 1
[2019-06-26 14:54:12.794] [sharedprocess] [info] Scanned user extensions: 1
[2019-06-26 14:59:12.806] [sharedprocess] [info] Scanned user extensions: 1
[2019-06-26 15:04:12.819] [sharedprocess] [info] Scanned user extensions: 1
[2019-06-26 15:09:12.836] [sharedprocess] [info] Scanned user extensions: 1
[2019-06-26 15:14:12.848] [sharedprocess] [info] Scanned user extensions: 1
[2019-06-26 15:19:12.857] [sharedprocess] [info] Scanned user extensions: 1
[2019-06-26 15:24:12.873] [sharedprocess] [info] Scanned user extensions: 1
[2019-06-26 15:29:12.888] [sharedprocess] [info] Scanned user extensions: 1
[2019-06-26 15:34:12.904] [sharedprocess] [info] Scanned user extensions: 1
[2019-06-26 15:39:12.918] [sharedprocess] [info] Scanned user extensions: 1
[2019-06-26 15:44:12.936] [sharedprocess] [info] Scanned user extensions: 1
[2019-06-26 15:49:13.193] [sharedprocess] [info] Scanned user extensions: 1
[2019-06-26 15:54:13.210] [sharedprocess] [info] Scanned user extensions: 1
[2019-06-26 15:59:13.223] [sharedprocess] [info] Scanned user extensions: 1
[2019-06-26 16:04:13.238] [sharedprocess] [info] Scanned user extensions: 1
[2019-06-26 16:09:13.255] [sharedprocess] [info] Scanned user extensions: 1
[2019-06-26 16:14:13.271] [sharedprocess] [info] Scanned user extensions: 1
[2019-06-26 16:19:13.282] [sharedprocess] [info] Scanned user extensions: 1
[2019-06-26 16:24:13.300] [sharedprocess] [info] Scanned user extensions: 1
[2019-06-26 16:29:13.317] [sharedprocess] [info] Scanned user extensions: 1
[2019-06-26 16:34:13.333] [sharedprocess] [info] Scanned user extensions: 1
[2019-06-26 16:39:13.355] [sharedprocess] [info] Scanned user extensions: 1
[2019-06-26 16:44:13.371] [sharedprocess] [info] Scanned user extensions: 1
[2019-06-26 16:49:13.619] [sharedprocess] [info] Scanned user extensions: 1
[2019-06-26 16:54:13.635] [sharedprocess] [info] Scanned user extensions: 1
[2019-06-26 16:59:13.650] [sharedprocess] [info] Scanned user extensions: 1
[2019-06-26 17:04:13.658] [sharedprocess] [info] Scanned user extensions: 1
[2019-06-26 17:09:13.671] [sharedprocess] [info] Scanned user extensions: 1
[2019-06-26 17:14:13.687] [sharedprocess] [info] Scanned user extensions: 1
[2019-06-26 17:19:13.702] [sharedprocess] [info] Scanned user extensions: 1
[2019-06-26 17:24:13.717] [sharedprocess] [info] Scanned user extensions: 1
[2019-06-26 17:29:13.731] [sharedprocess] [info] Scanned user extensions: 1
[2019-06-26 17:34:13.746] [sharedprocess] [info] Scanned user extensions: 1
[2019-06-26 17:39:13.753] [sharedprocess] [info] Scanned user extensions: 1
[2019-06-26 17:44:13.767] [sharedprocess] [info] Scanned user extensions: 1
[2019-06-26 17:49:14.142] [sharedprocess] [info] Scanned user extensions: 1
[2019-06-26 17:54:14.155] [sharedprocess] [info] Scanned user extensions: 1
[2019-06-26 17:59:14.169] [sharedprocess] [info] Scanned user extensions: 1
[2019-06-26 18:04:14.181] [sharedprocess] [info] Scanned user extensions: 1
[2019-06-26 18:09:14.197] [sharedprocess] [info] Scanned user extensions: 1
[2019-06-26 18:14:14.211] [sharedprocess] [info] Scanned user extensions: 1
[2019-06-26 18:19:14.226] [sharedprocess] [info] Scanned user extensions: 1
[2019-06-26 18:24:14.245] [sharedprocess] [info] Scanned user extensions: 1
[2019-06-26 18:29:14.262] [sharedprocess] [info] Scanned user extensions: 1
[2019-06-26 18:34:14.278] [sharedprocess] [info] Scanned user extensions: 1
